2024-08-05 13:58:50,475 - INFO - Earth Engine authenticated and initialized.
2024-08-05 13:58:50,477 - INFO - Loaded station data from /home/khanalp/code/PhD/preprocessICOSdata/csvs/00_stationinfo.csv
2024-08-05 13:58:50,482 - INFO - Station coordinates extracted.
2024-08-05 13:58:51,343 - INFO - Elevation for station 'BE-Maa': 85.89543151855469
2024-08-05 13:58:51,584 - INFO - Canopy height for station 'BE-Maa': 12
2024-08-05 13:58:51,750 - INFO - Standard deviation of canopy height for station 'BE-Maa': 9
2024-08-05 13:58:52,627 - INFO - Elevation for station 'BE-Lon': 168.59030151367188
2024-08-05 13:58:52,871 - INFO - Canopy height for station 'BE-Lon': 0
2024-08-05 13:58:53,122 - INFO - Standard deviation of canopy height for station 'BE-Lon': 0
2024-08-05 13:58:53,387 - INFO - Elevation for station 'CZ-KrP': 543.7374877929688
2024-08-05 13:58:53,646 - INFO - Canopy height for station 'CZ-KrP': 0
2024-08-05 13:58:53,897 - INFO - Standard deviation of canopy height for station 'CZ-KrP': 0
2024-08-05 13:58:54,142 - INFO - Elevation for station 'FI-Qvd': 5.679937362670898
2024-08-05 13:58:54,405 - INFO - Canopy height for station 'FI-Qvd': 4
2024-08-05 13:58:54,684 - INFO - Standard deviation of canopy height for station 'FI-Qvd': 2
2024-08-05 13:58:55,501 - INFO - Elevation for station 'FR-Aur': 244.3140106201172
2024-08-05 13:58:55,756 - INFO - Canopy height for station 'FR-Aur': 0
2024-08-05 13:58:56,586 - INFO - Standard deviation of canopy height for station 'FR-Aur': 0
2024-08-05 13:58:56,830 - INFO - Elevation for station 'FR-Gri': 121.96275329589844
2024-08-05 13:58:57,614 - INFO - Canopy height for station 'FR-Gri': 0
2024-08-05 13:58:57,921 - INFO - Standard deviation of canopy height for station 'FR-Gri': 0
2024-08-05 13:58:58,217 - INFO - Elevation for station 'FR-Lam': 178.97254943847656
2024-08-05 13:58:58,474 - INFO - Canopy height for station 'FR-Lam': 0
2024-08-05 13:58:58,720 - INFO - Standard deviation of canopy height for station 'FR-Lam': 0
2024-08-05 13:58:58,989 - INFO - Elevation for station 'DE-Geb': 161.36648559570312
2024-08-05 13:58:59,835 - INFO - Canopy height for station 'DE-Geb': 0
2024-08-05 13:59:00,653 - INFO - Standard deviation of canopy height for station 'DE-Geb': 0
2024-08-05 13:59:00,910 - INFO - Elevation for station 'DE-Kli': 480.1984558105469
2024-08-05 13:59:01,760 - INFO - Canopy height for station 'DE-Kli': 0
2024-08-05 13:59:01,937 - INFO - Standard deviation of canopy height for station 'DE-Kli': 1
2024-08-05 13:59:02,679 - INFO - Elevation for station 'DE-RuS': 102.52339172363281
2024-08-05 13:59:02,881 - INFO - Canopy height for station 'DE-RuS': 0
2024-08-05 13:59:03,120 - INFO - Standard deviation of canopy height for station 'DE-RuS': 0
2024-08-05 13:59:03,368 - INFO - Elevation for station 'IT-BCi': 10.135361671447754
2024-08-05 13:59:03,643 - INFO - Canopy height for station 'IT-BCi': 0
2024-08-05 13:59:03,913 - INFO - Standard deviation of canopy height for station 'IT-BCi': 1
2024-08-05 13:59:04,100 - INFO - Elevation for station 'CH-Oe2': 451.90802001953125
2024-08-05 13:59:04,349 - INFO - Canopy height for station 'CH-Oe2': 0
2024-08-05 13:59:04,603 - INFO - Standard deviation of canopy height for station 'CH-Oe2': 0
2024-08-05 13:59:04,858 - INFO - Elevation for station 'CZ-Lnz': 181.36123657226562
2024-08-05 13:59:05,073 - INFO - Canopy height for station 'CZ-Lnz': 28
2024-08-05 13:59:05,313 - INFO - Standard deviation of canopy height for station 'CZ-Lnz': 8
2024-08-05 13:59:05,556 - INFO - Elevation for station 'CZ-Stn': 578.99462890625
2024-08-05 13:59:05,790 - INFO - Canopy height for station 'CZ-Stn': 27
2024-08-05 13:59:06,665 - INFO - Standard deviation of canopy height for station 'CZ-Stn': 10
2024-08-05 13:59:06,883 - ERROR - Error occurred for station 'DK-Sor' while getting elevation: Element.get: Parameter 'object' is required.
2024-08-05 13:59:07,128 - INFO - Canopy height for station 'DK-Sor': 25
2024-08-05 13:59:07,337 - INFO - Standard deviation of canopy height for station 'DK-Sor': 9
2024-08-05 13:59:07,529 - INFO - Elevation for station 'FR-Fon': 113.32263946533203
2024-08-05 13:59:07,717 - INFO - Canopy height for station 'FR-Fon': 26
2024-08-05 13:59:07,991 - INFO - Standard deviation of canopy height for station 'FR-Fon': 6
2024-08-05 13:59:08,231 - INFO - Elevation for station 'FR-Hes': 320.88861083984375
2024-08-05 13:59:09,088 - INFO - Canopy height for station 'FR-Hes': 21
2024-08-05 13:59:09,358 - INFO - Standard deviation of canopy height for station 'FR-Hes': 7
2024-08-05 13:59:09,642 - INFO - Elevation for station 'DE-Hai': 468.2496643066406
2024-08-05 13:59:09,883 - INFO - Canopy height for station 'DE-Hai': 28
2024-08-05 13:59:10,073 - INFO - Standard deviation of canopy height for station 'DE-Hai': 6
2024-08-05 13:59:10,307 - INFO - Elevation for station 'DE-HoH': 215.80929565429688
2024-08-05 13:59:10,562 - INFO - Canopy height for station 'DE-HoH': 32
2024-08-05 13:59:10,773 - INFO - Standard deviation of canopy height for station 'DE-HoH': 8
2024-08-05 13:59:11,032 - INFO - Elevation for station 'DE-Hzd': 383.2720642089844
2024-08-05 13:59:11,205 - INFO - Canopy height for station 'DE-Hzd': 15
2024-08-05 13:59:11,418 - INFO - Standard deviation of canopy height for station 'DE-Hzd': 8
2024-08-05 13:59:11,635 - INFO - Elevation for station 'GF-Guy': 53.02915954589844
2024-08-05 13:59:11,865 - INFO - Canopy height for station 'GF-Guy': 37
2024-08-05 13:59:12,051 - INFO - Standard deviation of canopy height for station 'GF-Guy': 8
2024-08-05 13:59:12,850 - INFO - Elevation for station 'BE-Bra': 32.031333923339844
2024-08-05 13:59:13,101 - INFO - Canopy height for station 'BE-Bra': 23
2024-08-05 13:59:13,421 - INFO - Standard deviation of canopy height for station 'BE-Bra': 7
2024-08-05 13:59:13,791 - INFO - Elevation for station 'CZ-BK1': 882.0344848632812
2024-08-05 13:59:14,093 - INFO - Canopy height for station 'CZ-BK1': 25
2024-08-05 13:59:14,397 - INFO - Standard deviation of canopy height for station 'CZ-BK1': 8
2024-08-05 13:59:14,772 - INFO - Elevation for station 'CZ-RAJ': 652.349609375
2024-08-05 13:59:15,056 - INFO - Canopy height for station 'CZ-RAJ': 31
2024-08-05 13:59:15,340 - INFO - Standard deviation of canopy height for station 'CZ-RAJ': 8
2024-08-05 13:59:15,764 - INFO - Elevation for station 'FI-Hyy': 187.5264129638672
2024-08-05 13:59:16,099 - INFO - Canopy height for station 'FI-Hyy': 18
2024-08-05 13:59:16,395 - INFO - Standard deviation of canopy height for station 'FI-Hyy': 8
2024-08-05 13:59:16,700 - INFO - Elevation for station 'FI-Ken': 350.9222717285156
2024-08-05 13:59:17,047 - INFO - Canopy height for station 'FI-Ken': 17
2024-08-05 13:59:17,928 - INFO - Standard deviation of canopy height for station 'FI-Ken': 9
2024-08-05 13:59:18,381 - INFO - Elevation for station 'FI-Let': 123.89830017089844
2024-08-05 13:59:18,705 - INFO - Canopy height for station 'FI-Let': 28
2024-08-05 13:59:18,999 - INFO - Standard deviation of canopy height for station 'FI-Let': 8
2024-08-05 13:59:19,913 - INFO - Elevation for station 'FI-Var': 395.987060546875
2024-08-05 13:59:20,846 - INFO - Canopy height for station 'FI-Var': 5
2024-08-05 13:59:21,212 - INFO - Standard deviation of canopy height for station 'FI-Var': 5
2024-08-05 13:59:22,217 - INFO - Elevation for station 'FR-Bil': 38.83230209350586
2024-08-05 13:59:22,500 - INFO - Canopy height for station 'FR-Bil': 13
2024-08-05 13:59:22,808 - INFO - Standard deviation of canopy height for station 'FR-Bil': 6
2024-08-05 13:59:23,158 - INFO - Elevation for station 'FR-FBn': 434.52606201171875
2024-08-05 13:59:23,474 - INFO - Canopy height for station 'FR-FBn': 17
2024-08-05 13:59:23,731 - INFO - Standard deviation of canopy height for station 'FR-FBn': 5
2024-08-05 13:59:24,238 - INFO - Elevation for station 'DE-RuW': 627.1288452148438
2024-08-05 13:59:24,543 - INFO - Canopy height for station 'DE-RuW': 35
2024-08-05 13:59:24,875 - INFO - Standard deviation of canopy height for station 'DE-RuW': 7
2024-08-05 13:59:25,133 - INFO - Elevation for station 'DE-Tha': 408.6813659667969
2024-08-05 13:59:25,946 - INFO - Canopy height for station 'DE-Tha': 32
2024-08-05 13:59:26,237 - INFO - Standard deviation of canopy height for station 'DE-Tha': 8
2024-08-05 13:59:26,503 - INFO - Elevation for station 'DE-Obe': 744.2780151367188
2024-08-05 13:59:26,759 - INFO - Canopy height for station 'DE-Obe': 27
2024-08-05 13:59:27,130 - INFO - Standard deviation of canopy height for station 'DE-Obe': 8
2024-08-05 13:59:27,896 - INFO - Elevation for station 'IL-Yat': 658.435546875
2024-08-05 13:59:28,222 - INFO - Canopy height for station 'IL-Yat': 2
2024-08-05 13:59:29,085 - INFO - Standard deviation of canopy height for station 'IL-Yat': 6
2024-08-05 13:59:29,411 - INFO - Elevation for station 'IT-Ren': 1749.93994140625
2024-08-05 13:59:29,832 - INFO - Canopy height for station 'IT-Ren': 29
2024-08-05 13:59:30,212 - INFO - Standard deviation of canopy height for station 'IT-Ren': 7
2024-08-05 13:59:30,546 - INFO - Elevation for station 'IT-SR2': 13.85927677154541
2024-08-05 13:59:30,890 - INFO - Canopy height for station 'IT-SR2': 29
2024-08-05 13:59:31,238 - INFO - Standard deviation of canopy height for station 'IT-SR2': 7
2024-08-05 13:59:31,612 - INFO - Elevation for station 'IT-Lav': 1367.5921630859375
2024-08-05 13:59:31,918 - INFO - Canopy height for station 'IT-Lav': 32
2024-08-05 13:59:32,307 - INFO - Standard deviation of canopy height for station 'IT-Lav': 7
2024-08-05 13:59:32,666 - INFO - Elevation for station 'NL-Spe': 65.15446472167969
2024-08-05 13:59:32,972 - INFO - Canopy height for station 'NL-Spe': 27
2024-08-05 13:59:33,183 - INFO - Standard deviation of canopy height for station 'NL-Spe': 7
2024-08-05 13:59:33,551 - INFO - Elevation for station 'RU-Fy2': 277.86151123046875
2024-08-05 13:59:33,880 - INFO - Canopy height for station 'RU-Fy2': 34
2024-08-05 13:59:34,228 - INFO - Standard deviation of canopy height for station 'RU-Fy2': 8
2024-08-05 13:59:34,483 - INFO - Elevation for station 'RU-Fyo': 278.1734619140625
2024-08-05 13:59:34,775 - INFO - Canopy height for station 'RU-Fyo': 32
2024-08-05 13:59:35,717 - INFO - Standard deviation of canopy height for station 'RU-Fyo': 7
2024-08-05 13:59:36,016 - INFO - Elevation for station 'SE-Htm': 120.50347137451172
2024-08-05 13:59:36,346 - INFO - Canopy height for station 'SE-Htm': 27
2024-08-05 13:59:36,572 - INFO - Standard deviation of canopy height for station 'SE-Htm': 8
2024-08-05 13:59:36,941 - ERROR - Error occurred for station 'SE-Nor' while getting elevation: Element.get: Parameter 'object' is required.
2024-08-05 13:59:37,199 - INFO - Canopy height for station 'SE-Nor': 31
2024-08-05 13:59:37,454 - INFO - Standard deviation of canopy height for station 'SE-Nor': 10
2024-08-05 13:59:37,808 - INFO - Elevation for station 'SE-Svb': 277.85845947265625
2024-08-05 13:59:38,057 - INFO - Canopy height for station 'SE-Svb': 10
2024-08-05 13:59:38,290 - INFO - Standard deviation of canopy height for station 'SE-Svb': 9
2024-08-05 13:59:38,551 - INFO - Elevation for station 'SE-Ros': 168.96144104003906
2024-08-05 13:59:39,529 - INFO - Canopy height for station 'SE-Ros': 12
2024-08-05 13:59:39,900 - INFO - Standard deviation of canopy height for station 'SE-Ros': 9
2024-08-05 13:59:40,350 - INFO - Elevation for station 'CH-Dav': 1657.424072265625
2024-08-05 13:59:40,656 - INFO - Canopy height for station 'CH-Dav': 33
2024-08-05 13:59:40,965 - INFO - Standard deviation of canopy height for station 'CH-Dav': 9
2024-08-05 13:59:41,416 - INFO - Elevation for station 'BE-Dor': 246.64834594726562
2024-08-05 13:59:41,848 - INFO - Canopy height for station 'BE-Dor': 4
2024-08-05 13:59:42,777 - INFO - Standard deviation of canopy height for station 'BE-Dor': 4
2024-08-05 13:59:43,660 - INFO - Elevation for station 'FR-Tou': 157.20718383789062
2024-08-05 13:59:43,975 - INFO - Canopy height for station 'FR-Tou': 0
2024-08-05 13:59:44,303 - INFO - Standard deviation of canopy height for station 'FR-Tou': 0
2024-08-05 13:59:44,634 - INFO - Elevation for station 'DE-Gri': 377.09527587890625
2024-08-05 13:59:44,855 - INFO - Canopy height for station 'DE-Gri': 5
2024-08-05 13:59:45,164 - INFO - Standard deviation of canopy height for station 'DE-Gri': 4
2024-08-05 13:59:46,113 - INFO - Elevation for station 'DE-RuR': 513.3651733398438
2024-08-05 13:59:46,415 - INFO - Canopy height for station 'DE-RuR': 4
2024-08-05 13:59:46,759 - INFO - Standard deviation of canopy height for station 'DE-RuR': 3
2024-08-05 13:59:46,994 - INFO - Elevation for station 'IT-MBo': 1556.3450927734375
2024-08-05 13:59:47,261 - INFO - Canopy height for station 'IT-MBo': 9
2024-08-05 13:59:48,114 - INFO - Standard deviation of canopy height for station 'IT-MBo': 7
2024-08-05 13:59:48,316 - INFO - Elevation for station 'IT-Tor': 2161.397705078125
2024-08-05 13:59:48,617 - INFO - Canopy height for station 'IT-Tor': 0
2024-08-05 13:59:48,925 - INFO - Standard deviation of canopy height for station 'IT-Tor': 1
2024-08-05 13:59:49,217 - INFO - Elevation for station 'CH-Aws': 1976.194580078125
2024-08-05 13:59:49,561 - INFO - Canopy height for station 'CH-Aws': 15
2024-08-05 13:59:49,874 - INFO - Standard deviation of canopy height for station 'CH-Aws': 10
2024-08-05 13:59:50,242 - INFO - Elevation for station 'CH-Cha': 391.4123229980469
2024-08-05 13:59:50,465 - INFO - Canopy height for station 'CH-Cha': 5
2024-08-05 13:59:51,278 - INFO - Standard deviation of canopy height for station 'CH-Cha': 5
2024-08-05 13:59:51,588 - INFO - Elevation for station 'CH-Fru': 981.6561279296875
2024-08-05 13:59:51,940 - INFO - Canopy height for station 'CH-Fru': 6
2024-08-05 13:59:52,827 - INFO - Standard deviation of canopy height for station 'CH-Fru': 6
2024-08-05 13:59:53,088 - INFO - Elevation for station 'BE-Vie': 493.2351989746094
2024-08-05 13:59:53,359 - INFO - Canopy height for station 'BE-Vie': 35
2024-08-05 13:59:53,587 - INFO - Standard deviation of canopy height for station 'BE-Vie': 7
2024-08-05 13:59:53,914 - INFO - Elevation for station 'IT-Cp2': 18.4133243560791
2024-08-05 13:59:54,195 - INFO - Canopy height for station 'IT-Cp2': 18
2024-08-05 13:59:54,509 - INFO - Standard deviation of canopy height for station 'IT-Cp2': 5
2024-08-05 13:59:54,933 - INFO - Elevation for station 'IT-Lsn': -0.18428222835063934
2024-08-05 13:59:55,200 - INFO - Canopy height for station 'IT-Lsn': 5
2024-08-05 13:59:55,510 - INFO - Standard deviation of canopy height for station 'IT-Lsn': 4
2024-08-05 13:59:55,756 - INFO - Elevation for station 'ES-Agu': 201.70765686035156
2024-08-05 13:59:56,047 - INFO - Canopy height for station 'ES-Agu': 0
2024-08-05 13:59:56,298 - INFO - Standard deviation of canopy height for station 'ES-Agu': 0
2024-08-05 13:59:57,009 - INFO - Elevation for station 'ES-LJu': 1613.89501953125
2024-08-05 13:59:57,339 - INFO - Canopy height for station 'ES-LJu': 0
2024-08-05 13:59:57,785 - INFO - Standard deviation of canopy height for station 'ES-LJu': 0
2024-08-05 13:59:58,016 - INFO - Elevation for station 'FI-Sii': 166.5739288330078
2024-08-05 13:59:58,320 - INFO - Canopy height for station 'FI-Sii': 4
2024-08-05 13:59:58,747 - INFO - Standard deviation of canopy height for station 'FI-Sii': 2
2024-08-05 13:59:59,082 - INFO - Elevation for station 'FR-LGt': 154.74169921875
2024-08-05 13:59:59,340 - INFO - Canopy height for station 'FR-LGt': 15
2024-08-05 13:59:59,675 - INFO - Standard deviation of canopy height for station 'FR-LGt': 7
2024-08-05 13:59:59,983 - INFO - Elevation for station 'SE-Deg': 265.4534606933594
2024-08-05 14:00:00,832 - INFO - Canopy height for station 'SE-Deg': 3
2024-08-05 14:00:01,650 - INFO - Standard deviation of canopy height for station 'SE-Deg': 2
2024-08-05 14:00:01,886 - INFO - Elevation for station 'ES-Abr': 279.9830627441406
2024-08-05 14:00:02,188 - INFO - Canopy height for station 'ES-Abr': 0
2024-08-05 14:00:02,397 - INFO - Standard deviation of canopy height for station 'ES-Abr': 0
2024-08-05 14:00:02,641 - INFO - Elevation for station 'ES-LM1': 264.1048583984375
2024-08-05 14:00:02,881 - INFO - Canopy height for station 'ES-LM1': 0
2024-08-05 14:00:03,182 - INFO - Standard deviation of canopy height for station 'ES-LM1': 1
2024-08-05 14:00:03,494 - INFO - Elevation for station 'ES-LM2': 268.69921875
2024-08-05 14:00:03,690 - INFO - Canopy height for station 'ES-LM2': 0
2024-08-05 14:00:03,973 - INFO - Standard deviation of canopy height for station 'ES-LM2': 1
2024-08-05 14:00:04,325 - INFO - Elevation for station 'CZ-wet': 425.8898620605469
2024-08-05 14:00:04,532 - INFO - Canopy height for station 'CZ-wet': 6
2024-08-05 14:00:04,771 - INFO - Standard deviation of canopy height for station 'CZ-wet': 8
2024-08-05 14:00:05,534 - INFO - Elevation for station 'DE-Akm': 0.24140045046806335
2024-08-05 14:00:05,780 - INFO - Canopy height for station 'DE-Akm': 13
2024-08-05 14:00:06,135 - INFO - Standard deviation of canopy height for station 'DE-Akm': 6
2024-08-05 14:00:06,505 - INFO - Elevation for station 'ES-Cnd': 367.72662353515625
2024-08-05 14:00:06,848 - INFO - Canopy height for station 'ES-Cnd': 0
2024-08-05 14:00:07,277 - INFO - Standard deviation of canopy height for station 'ES-Cnd': 0
2024-08-05 14:00:07,665 - INFO - Elevation for station 'NL-Loo': 37.3416862487793
2024-08-05 14:00:07,906 - INFO - Canopy height for station 'NL-Loo': 25
2024-08-05 14:00:08,269 - INFO - Standard deviation of canopy height for station 'NL-Loo': 8
2024-08-05 14:00:08,269 - INFO - Data collection completed.
2024-08-05 14:00:08,282 - INFO - Data saved to /home/khanalp/code/PhD/preprocessICOSdata/csvs/01_stationinfo_canopyht_elevation_from_gee.csv
2024-09-02 12:44:08,897 - INFO - Earth Engine authenticated and initialized.
2024-09-02 12:44:08,912 - INFO - Loaded station data from /home/khanalp/code/PhD/preprocessICOSdata/csvs/00_stationinfo.csv
2024-09-02 12:44:08,919 - INFO - Station coordinates extracted.
2024-09-02 12:44:09,836 - INFO - Elevation for station 'BE-Maa': 85.89543151855469
2024-09-02 12:44:10,125 - INFO - Canopy height for station 'BE-Maa': 12
2024-09-02 12:44:10,584 - INFO - Standard deviation of canopy height for station 'BE-Maa': 9
2024-09-02 12:44:11,541 - INFO - Elevation for station 'BE-Lon': 168.59030151367188
2024-09-02 12:44:11,806 - INFO - Canopy height for station 'BE-Lon': 0
2024-09-02 12:44:12,187 - INFO - Standard deviation of canopy height for station 'BE-Lon': 0
2024-09-02 12:44:12,521 - INFO - Elevation for station 'CZ-KrP': 543.7374877929688
2024-09-02 12:44:12,794 - INFO - Canopy height for station 'CZ-KrP': 0
2024-09-02 12:44:13,115 - INFO - Standard deviation of canopy height for station 'CZ-KrP': 0
2024-09-02 12:44:13,424 - INFO - Elevation for station 'FI-Qvd': 5.679937362670898
2024-09-02 12:44:14,288 - INFO - Canopy height for station 'FI-Qvd': 4
2024-09-02 12:44:14,684 - INFO - Standard deviation of canopy height for station 'FI-Qvd': 2
2024-09-02 12:44:15,621 - INFO - Elevation for station 'FR-Aur': 244.3140106201172
2024-09-02 12:44:15,904 - INFO - Canopy height for station 'FR-Aur': 0
2024-09-02 12:44:16,756 - INFO - Standard deviation of canopy height for station 'FR-Aur': 0
2024-09-02 12:44:17,089 - INFO - Elevation for station 'FR-Gri': 121.96275329589844
2024-09-02 12:44:17,903 - INFO - Canopy height for station 'FR-Gri': 0
2024-09-02 12:44:18,246 - INFO - Standard deviation of canopy height for station 'FR-Gri': 0
2024-09-02 12:44:18,554 - INFO - Elevation for station 'FR-Lam': 178.97254943847656
2024-09-02 12:44:18,813 - INFO - Canopy height for station 'FR-Lam': 0
2024-09-02 12:44:19,106 - INFO - Standard deviation of canopy height for station 'FR-Lam': 0
2024-09-02 12:44:19,353 - INFO - Elevation for station 'DE-Geb': 161.36648559570312
2024-09-02 12:44:19,592 - INFO - Canopy height for station 'DE-Geb': 0
2024-09-02 12:44:20,409 - INFO - Standard deviation of canopy height for station 'DE-Geb': 0
2024-09-02 12:44:20,792 - INFO - Elevation for station 'DE-Kli': 480.1984558105469
2024-09-02 12:44:21,052 - INFO - Canopy height for station 'DE-Kli': 0
2024-09-02 12:44:21,350 - INFO - Standard deviation of canopy height for station 'DE-Kli': 1
2024-09-02 12:44:21,834 - INFO - Elevation for station 'DE-RuS': 102.52339172363281
2024-09-02 12:44:22,660 - INFO - Canopy height for station 'DE-RuS': 0
2024-09-02 12:44:23,515 - INFO - Standard deviation of canopy height for station 'DE-RuS': 0
2024-09-02 12:44:23,836 - INFO - Elevation for station 'IT-BCi': 10.135361671447754
2024-09-02 12:44:24,014 - INFO - Canopy height for station 'IT-BCi': 0
2024-09-02 12:44:24,362 - INFO - Standard deviation of canopy height for station 'IT-BCi': 1
2024-09-02 12:44:24,717 - INFO - Elevation for station 'CH-Oe2': 451.90802001953125
2024-09-02 12:44:25,068 - INFO - Canopy height for station 'CH-Oe2': 0
2024-09-02 12:44:25,379 - INFO - Standard deviation of canopy height for station 'CH-Oe2': 0
2024-09-02 12:44:25,678 - INFO - Elevation for station 'CZ-Lnz': 181.36123657226562
2024-09-02 12:44:25,915 - INFO - Canopy height for station 'CZ-Lnz': 28
2024-09-02 12:44:26,234 - INFO - Standard deviation of canopy height for station 'CZ-Lnz': 8
2024-09-02 12:44:26,981 - INFO - Elevation for station 'CZ-Stn': 578.99462890625
2024-09-02 12:44:27,257 - INFO - Canopy height for station 'CZ-Stn': 27
2024-09-02 12:44:27,675 - INFO - Standard deviation of canopy height for station 'CZ-Stn': 10
2024-09-02 12:44:28,124 - ERROR - Error occurred for station 'DK-Sor' while getting elevation: Element.get: Parameter 'object' is required.
2024-09-02 12:44:28,364 - INFO - Canopy height for station 'DK-Sor': 25
2024-09-02 12:44:29,161 - INFO - Standard deviation of canopy height for station 'DK-Sor': 9
2024-09-02 12:44:29,957 - INFO - Elevation for station 'FR-Fon': 113.32263946533203
2024-09-02 12:44:30,689 - INFO - Canopy height for station 'FR-Fon': 26
2024-09-02 12:44:30,964 - INFO - Standard deviation of canopy height for station 'FR-Fon': 6
2024-09-02 12:44:31,817 - INFO - Elevation for station 'FR-Hes': 320.88861083984375
2024-09-02 12:44:32,543 - INFO - Canopy height for station 'FR-Hes': 21
2024-09-02 12:44:32,829 - INFO - Standard deviation of canopy height for station 'FR-Hes': 7
2024-09-02 12:44:33,090 - INFO - Elevation for station 'DE-Hai': 468.2496643066406
2024-09-02 12:44:33,830 - INFO - Canopy height for station 'DE-Hai': 28
2024-09-02 12:44:34,220 - INFO - Standard deviation of canopy height for station 'DE-Hai': 6
2024-09-02 12:44:35,079 - INFO - Elevation for station 'DE-HoH': 215.80929565429688
2024-09-02 12:44:35,380 - INFO - Canopy height for station 'DE-HoH': 32
2024-09-02 12:44:35,702 - INFO - Standard deviation of canopy height for station 'DE-HoH': 8
2024-09-02 12:44:35,938 - INFO - Elevation for station 'DE-Hzd': 383.2720642089844
2024-09-02 12:44:36,230 - INFO - Canopy height for station 'DE-Hzd': 15
2024-09-02 12:44:36,617 - INFO - Standard deviation of canopy height for station 'DE-Hzd': 8
2024-09-02 12:44:37,592 - INFO - Elevation for station 'GF-Guy': 53.02915954589844
2024-09-02 12:44:37,854 - INFO - Canopy height for station 'GF-Guy': 37
2024-09-02 12:44:38,179 - INFO - Standard deviation of canopy height for station 'GF-Guy': 8
2024-09-02 12:44:38,575 - INFO - Elevation for station 'BE-Bra': 32.031333923339844
2024-09-02 12:44:38,777 - INFO - Canopy height for station 'BE-Bra': 23
2024-09-02 12:44:39,035 - INFO - Standard deviation of canopy height for station 'BE-Bra': 7
2024-09-02 12:44:39,391 - INFO - Elevation for station 'CZ-BK1': 882.0344848632812
2024-09-02 12:44:39,668 - INFO - Canopy height for station 'CZ-BK1': 25
2024-09-02 12:44:40,054 - INFO - Standard deviation of canopy height for station 'CZ-BK1': 8
2024-09-02 12:44:40,467 - INFO - Elevation for station 'CZ-RAJ': 652.349609375
2024-09-02 12:44:40,715 - INFO - Canopy height for station 'CZ-RAJ': 31
2024-09-02 12:44:40,959 - INFO - Standard deviation of canopy height for station 'CZ-RAJ': 8
2024-09-02 12:44:41,294 - INFO - Elevation for station 'FI-Hyy': 187.5264129638672
2024-09-02 12:44:41,482 - INFO - Canopy height for station 'FI-Hyy': 18
2024-09-02 12:44:41,710 - INFO - Standard deviation of canopy height for station 'FI-Hyy': 8
2024-09-02 12:44:42,029 - INFO - Elevation for station 'FI-Ken': 350.9222717285156
2024-09-02 12:44:42,205 - INFO - Canopy height for station 'FI-Ken': 17
2024-09-02 12:44:43,005 - INFO - Standard deviation of canopy height for station 'FI-Ken': 9
2024-09-02 12:44:43,237 - INFO - Elevation for station 'FI-Let': 123.89830017089844
2024-09-02 12:44:43,497 - INFO - Canopy height for station 'FI-Let': 28
2024-09-02 12:44:43,834 - INFO - Standard deviation of canopy height for station 'FI-Let': 8
2024-09-02 12:44:44,722 - INFO - Elevation for station 'FI-Var': 395.987060546875
2024-09-02 12:44:44,895 - INFO - Canopy height for station 'FI-Var': 5
2024-09-02 12:44:45,183 - INFO - Standard deviation of canopy height for station 'FI-Var': 5
2024-09-02 12:44:45,530 - INFO - Elevation for station 'FR-Bil': 38.83230209350586
2024-09-02 12:44:45,755 - INFO - Canopy height for station 'FR-Bil': 13
2024-09-02 12:44:46,003 - INFO - Standard deviation of canopy height for station 'FR-Bil': 6
2024-09-02 12:44:46,870 - INFO - Elevation for station 'FR-FBn': 434.52606201171875
2024-09-02 12:44:47,110 - INFO - Canopy height for station 'FR-FBn': 17
2024-09-02 12:44:47,585 - INFO - Standard deviation of canopy height for station 'FR-FBn': 5
2024-09-02 12:44:48,491 - INFO - Elevation for station 'DE-RuW': 627.1288452148438
2024-09-02 12:44:48,720 - INFO - Canopy height for station 'DE-RuW': 35
2024-09-02 12:44:49,073 - INFO - Standard deviation of canopy height for station 'DE-RuW': 7
2024-09-02 12:44:49,844 - INFO - Elevation for station 'DE-Tha': 408.6813659667969
2024-09-02 12:44:50,655 - INFO - Canopy height for station 'DE-Tha': 32
2024-09-02 12:44:50,896 - INFO - Standard deviation of canopy height for station 'DE-Tha': 8
2024-09-02 12:44:51,096 - INFO - Elevation for station 'DE-Obe': 744.2780151367188
2024-09-02 12:44:51,268 - INFO - Canopy height for station 'DE-Obe': 27
2024-09-02 12:44:51,990 - INFO - Standard deviation of canopy height for station 'DE-Obe': 8
2024-09-02 12:44:52,347 - INFO - Elevation for station 'IL-Yat': 658.435546875
2024-09-02 12:44:52,598 - INFO - Canopy height for station 'IL-Yat': 2
2024-09-02 12:44:52,811 - INFO - Standard deviation of canopy height for station 'IL-Yat': 6
2024-09-02 12:44:53,131 - INFO - Elevation for station 'IT-Ren': 1749.93994140625
2024-09-02 12:44:53,370 - INFO - Canopy height for station 'IT-Ren': 29
2024-09-02 12:44:53,740 - INFO - Standard deviation of canopy height for station 'IT-Ren': 7
2024-09-02 12:44:54,469 - INFO - Elevation for station 'IT-SR2': 13.85927677154541
2024-09-02 12:44:54,674 - INFO - Canopy height for station 'IT-SR2': 29
2024-09-02 12:44:54,961 - INFO - Standard deviation of canopy height for station 'IT-SR2': 7
2024-09-02 12:44:55,244 - INFO - Elevation for station 'IT-Lav': 1367.5921630859375
2024-09-02 12:44:55,562 - INFO - Canopy height for station 'IT-Lav': 32
2024-09-02 12:44:56,404 - INFO - Standard deviation of canopy height for station 'IT-Lav': 7
2024-09-02 12:44:56,722 - INFO - Elevation for station 'NL-Spe': 65.15446472167969
2024-09-02 12:44:56,902 - INFO - Canopy height for station 'NL-Spe': 27
2024-09-02 12:44:57,253 - INFO - Standard deviation of canopy height for station 'NL-Spe': 7
2024-09-02 12:44:57,519 - INFO - Elevation for station 'RU-Fy2': 277.86151123046875
2024-09-02 12:44:57,690 - INFO - Canopy height for station 'RU-Fy2': 34
2024-09-02 12:44:58,089 - INFO - Standard deviation of canopy height for station 'RU-Fy2': 8
2024-09-02 12:44:58,852 - INFO - Elevation for station 'RU-Fyo': 278.1734619140625
2024-09-02 12:44:59,037 - INFO - Canopy height for station 'RU-Fyo': 32
2024-09-02 12:44:59,434 - INFO - Standard deviation of canopy height for station 'RU-Fyo': 7
2024-09-02 12:44:59,722 - INFO - Elevation for station 'SE-Htm': 120.50347137451172
2024-09-02 12:44:59,876 - INFO - Canopy height for station 'SE-Htm': 27
2024-09-02 12:45:00,105 - INFO - Standard deviation of canopy height for station 'SE-Htm': 8
2024-09-02 12:45:00,462 - ERROR - Error occurred for station 'SE-Nor' while getting elevation: Element.get: Parameter 'object' is required.
2024-09-02 12:45:00,722 - INFO - Canopy height for station 'SE-Nor': 31
2024-09-02 12:45:01,094 - INFO - Standard deviation of canopy height for station 'SE-Nor': 10
2024-09-02 12:45:01,419 - INFO - Elevation for station 'SE-Svb': 277.85845947265625
2024-09-02 12:45:01,608 - INFO - Canopy height for station 'SE-Svb': 10
2024-09-02 12:45:01,911 - INFO - Standard deviation of canopy height for station 'SE-Svb': 9
2024-09-02 12:45:02,670 - INFO - Elevation for station 'SE-Ros': 168.96144104003906
2024-09-02 12:45:02,906 - INFO - Canopy height for station 'SE-Ros': 12
2024-09-02 12:45:03,198 - INFO - Standard deviation of canopy height for station 'SE-Ros': 9
2024-09-02 12:45:04,043 - INFO - Elevation for station 'CH-Dav': 1657.424072265625
2024-09-02 12:45:04,270 - INFO - Canopy height for station 'CH-Dav': 33
2024-09-02 12:45:04,599 - INFO - Standard deviation of canopy height for station 'CH-Dav': 9
2024-09-02 12:45:05,470 - INFO - Elevation for station 'BE-Dor': 246.64834594726562
2024-09-02 12:45:05,664 - INFO - Canopy height for station 'BE-Dor': 4
2024-09-02 12:45:05,981 - INFO - Standard deviation of canopy height for station 'BE-Dor': 4
2024-09-02 12:45:06,216 - INFO - Elevation for station 'FR-Tou': 157.20718383789062
2024-09-02 12:45:06,942 - INFO - Canopy height for station 'FR-Tou': 0
2024-09-02 12:45:07,150 - INFO - Standard deviation of canopy height for station 'FR-Tou': 0
2024-09-02 12:45:07,394 - INFO - Elevation for station 'DE-Gri': 377.09527587890625
2024-09-02 12:45:07,649 - INFO - Canopy height for station 'DE-Gri': 5
2024-09-02 12:45:07,861 - INFO - Standard deviation of canopy height for station 'DE-Gri': 4
2024-09-02 12:45:08,084 - INFO - Elevation for station 'DE-RuR': 513.3651733398438
2024-09-02 12:45:08,377 - INFO - Canopy height for station 'DE-RuR': 4
2024-09-02 12:45:08,726 - INFO - Standard deviation of canopy height for station 'DE-RuR': 3
2024-09-02 12:45:09,090 - INFO - Elevation for station 'IT-MBo': 1556.3450927734375
2024-09-02 12:45:09,868 - INFO - Canopy height for station 'IT-MBo': 9
2024-09-02 12:45:10,754 - INFO - Standard deviation of canopy height for station 'IT-MBo': 7
2024-09-02 12:45:11,127 - INFO - Elevation for station 'IT-Tor': 2161.397705078125
2024-09-02 12:45:11,298 - INFO - Canopy height for station 'IT-Tor': 0
2024-09-02 12:45:11,564 - INFO - Standard deviation of canopy height for station 'IT-Tor': 1
2024-09-02 12:45:11,821 - INFO - Elevation for station 'CH-Aws': 1976.194580078125
2024-09-02 12:45:11,979 - INFO - Canopy height for station 'CH-Aws': 15
2024-09-02 12:45:12,209 - INFO - Standard deviation of canopy height for station 'CH-Aws': 10
2024-09-02 12:45:13,110 - INFO - Elevation for station 'CH-Cha': 391.4123229980469
2024-09-02 12:45:13,842 - INFO - Canopy height for station 'CH-Cha': 5
2024-09-02 12:45:14,070 - INFO - Standard deviation of canopy height for station 'CH-Cha': 5
2024-09-02 12:45:14,850 - INFO - Elevation for station 'CH-Fru': 981.6561279296875
2024-09-02 12:45:15,076 - INFO - Canopy height for station 'CH-Fru': 6
2024-09-02 12:45:15,350 - INFO - Standard deviation of canopy height for station 'CH-Fru': 6
2024-09-02 12:45:15,620 - INFO - Elevation for station 'BE-Vie': 493.2351989746094
2024-09-02 12:45:16,467 - INFO - Canopy height for station 'BE-Vie': 35
2024-09-02 12:45:16,791 - INFO - Standard deviation of canopy height for station 'BE-Vie': 7
2024-09-02 12:45:17,179 - INFO - Elevation for station 'IT-Cp2': 18.4133243560791
2024-09-02 12:45:17,424 - INFO - Canopy height for station 'IT-Cp2': 18
2024-09-02 12:45:18,342 - INFO - Standard deviation of canopy height for station 'IT-Cp2': 5
2024-09-02 12:45:18,698 - INFO - Elevation for station 'IT-Lsn': -0.18428222835063934
2024-09-02 12:45:18,880 - INFO - Canopy height for station 'IT-Lsn': 5
2024-09-02 12:45:19,157 - INFO - Standard deviation of canopy height for station 'IT-Lsn': 4
2024-09-02 12:45:19,999 - INFO - Elevation for station 'ES-Agu': 201.70765686035156
2024-09-02 12:45:20,772 - INFO - Canopy height for station 'ES-Agu': 0
2024-09-02 12:45:21,167 - INFO - Standard deviation of canopy height for station 'ES-Agu': 0
2024-09-02 12:45:21,429 - INFO - Elevation for station 'ES-LJu': 1613.89501953125
2024-09-02 12:45:21,641 - INFO - Canopy height for station 'ES-LJu': 0
2024-09-02 12:45:21,943 - INFO - Standard deviation of canopy height for station 'ES-LJu': 0
2024-09-02 12:45:22,182 - INFO - Elevation for station 'FI-Sii': 166.5739288330078
2024-09-02 12:45:22,883 - INFO - Canopy height for station 'FI-Sii': 4
2024-09-02 12:45:23,182 - INFO - Standard deviation of canopy height for station 'FI-Sii': 2
2024-09-02 12:45:23,494 - INFO - Elevation for station 'FR-LGt': 154.74169921875
2024-09-02 12:45:23,725 - INFO - Canopy height for station 'FR-LGt': 15
2024-09-02 12:45:23,970 - INFO - Standard deviation of canopy height for station 'FR-LGt': 7
2024-09-02 12:45:24,142 - INFO - Elevation for station 'SE-Deg': 265.4534606933594
2024-09-02 12:45:24,417 - INFO - Canopy height for station 'SE-Deg': 3
2024-09-02 12:45:24,691 - INFO - Standard deviation of canopy height for station 'SE-Deg': 2
2024-09-02 12:45:25,030 - INFO - Elevation for station 'ES-Abr': 279.9830627441406
2024-09-02 12:45:25,208 - INFO - Canopy height for station 'ES-Abr': 0
2024-09-02 12:45:25,543 - INFO - Standard deviation of canopy height for station 'ES-Abr': 0
2024-09-02 12:45:25,916 - INFO - Elevation for station 'ES-LM1': 264.1048583984375
2024-09-02 12:45:26,170 - INFO - Canopy height for station 'ES-LM1': 0
2024-09-02 12:45:26,700 - INFO - Standard deviation of canopy height for station 'ES-LM1': 1
2024-09-02 12:45:26,978 - INFO - Elevation for station 'ES-LM2': 268.69921875
2024-09-02 12:45:27,193 - INFO - Canopy height for station 'ES-LM2': 0
2024-09-02 12:45:27,496 - INFO - Standard deviation of canopy height for station 'ES-LM2': 1
2024-09-02 12:45:27,795 - INFO - Elevation for station 'CZ-wet': 425.8898620605469
2024-09-02 12:45:28,035 - INFO - Canopy height for station 'CZ-wet': 6
2024-09-02 12:45:28,323 - INFO - Standard deviation of canopy height for station 'CZ-wet': 8
2024-09-02 12:45:29,209 - INFO - Elevation for station 'DE-Akm': 0.24140045046806335
2024-09-02 12:45:29,590 - INFO - Canopy height for station 'DE-Akm': 13
2024-09-02 12:45:29,876 - INFO - Standard deviation of canopy height for station 'DE-Akm': 6
2024-09-02 12:45:30,736 - INFO - Elevation for station 'ES-Cnd': 367.72662353515625
2024-09-02 12:45:30,965 - INFO - Canopy height for station 'ES-Cnd': 0
2024-09-02 12:45:31,291 - INFO - Standard deviation of canopy height for station 'ES-Cnd': 0
2024-09-02 12:45:31,468 - INFO - Elevation for station 'NL-Loo': 37.3416862487793
2024-09-02 12:45:31,703 - INFO - Canopy height for station 'NL-Loo': 25
2024-09-02 12:45:32,565 - INFO - Standard deviation of canopy height for station 'NL-Loo': 8
2024-09-02 12:45:32,961 - INFO - Elevation for station 'NL-Vee': 5.303183078765869
2024-09-02 12:45:33,116 - INFO - Canopy height for station 'NL-Vee': 5
2024-09-02 12:45:33,358 - INFO - Standard deviation of canopy height for station 'NL-Vee': 6
2024-09-02 12:45:33,590 - INFO - Elevation for station 'NL-Cab': -1.4762492179870605
2024-09-02 12:45:33,797 - INFO - Canopy height for station 'NL-Cab': 14
2024-09-02 12:45:34,103 - INFO - Standard deviation of canopy height for station 'NL-Cab': 8
2024-09-02 12:45:34,103 - INFO - Data collection completed.
2024-09-02 12:45:34,117 - INFO - Data saved to /home/khanalp/code/PhD/preprocessICOSdata/csvs/01_stationinfo_canopyht_elevation_from_gee.csv
